Vivado Simulator 2017.3
Time resolution is 1 ps
regs[         0] =          x
regs[         1] =          x
regs[         2] =          x
regs[         3] =          x
regs[         4] =          x
regs[         5] =          x
regs[         6] =          x
regs[         7] =          x
regs[         8] =          x
regs[         9] =          x
regs[        10] =          x
regs[        11] =          x
regs[        12] =          x
regs[        13] =          x
regs[        14] =          x
regs[        15] =          x
regs[        16] =          x
regs[        17] =          x
regs[        18] =          x
regs[        19] =          x
regs[        20] =          x
regs[        21] =          x
regs[        22] =          x
regs[        23] =          x
regs[        24] =          x
regs[        25] =          x
regs[        26] =          x
regs[        27] =          x
regs[        28] =          x
regs[        29] =          x
regs[        30] =          x
regs[        31] =          x
regs[         0] =          0
regs[         1] =          0
regs[         2] =          0
regs[         3] =          0
regs[         4] =          0
regs[         5] =          0
regs[         6] =          0
regs[         7] =          0
regs[         8] =          0
regs[         9] =          0
regs[        10] =          0
regs[        11] =          0
regs[        12] =          0
regs[        13] =          0
regs[        14] =          0
regs[        15] =          0
regs[        16] =          0
regs[        17] =          0
regs[        18] =          0
regs[        19] =          0
regs[        20] =          0
regs[        21] =          0
regs[        22] =          0
regs[        23] =          0
regs[        24] =          0
regs[        25] =          0
regs[        26] =          0
regs[        27] =          0
regs[        28] =          0
regs[        29] =          0
regs[        30] =          0
regs[        31] =          0
regs[         0] =          0
regs[         1] =          0
regs[         2] =          0
regs[         3] =          0
regs[         4] =          0
regs[         5] =          0
regs[         6] =          0
regs[         7] =          0
regs[         8] =          0
regs[         9] =          0
regs[        10] =          0
regs[        11] =          0
regs[        12] =          0
regs[        13] =          0
regs[        14] =          0
regs[        15] =          0
regs[        16] =          0
regs[        17] =          0
regs[        18] =          0
regs[        19] =          0
regs[        20] =          0
regs[        21] =          0
regs[        22] =          0
regs[        23] =          0
regs[        24] =          0
regs[        25] =          0
regs[        26] =          0
regs[        27] =          0
regs[        28] =          0
regs[        29] =          0
regs[        30] =          0
regs[        31] =          0
regs[         0] =          0
regs[         1] =          0
regs[         2] =          0
regs[         3] =          0
regs[         4] =          0
regs[         5] =          0
regs[         6] =          0
regs[         7] =          0
regs[         8] =          0
regs[         9] =          0
regs[        10] =          0
regs[        11] =          0
regs[        12] =          0
regs[        13] =          0
regs[        14] =          0
regs[        15] =          0
regs[        16] =          0
regs[        17] =          0
regs[        18] =          0
regs[        19] =          0
regs[        20] =          0
regs[        21] =          0
regs[        22] =          0
regs[        23] =          0
regs[        24] =          0
regs[        25] =          0
regs[        26] =          0
regs[        27] =          0
regs[        28] =          0
regs[        29] =          0
regs[        30] =          0
regs[        31] =          0
regs[         0] =          0
regs[         1] =          0
regs[         2] =          0
regs[         3] =          0
regs[         4] =          0
regs[         5] =          0
regs[         6] =          0
regs[         7] =          0
regs[         8] =          0
regs[         9] =          0
regs[        10] =          0
regs[        11] =          0
regs[        12] =          0
regs[        13] =          0
regs[        14] =          0
regs[        15] =          0
regs[        16] =          0
regs[        17] =          0
regs[        18] =          0
regs[        19] =          0
regs[        20] =          0
regs[        21] =          0
regs[        22] =          0
regs[        23] =          0
regs[        24] =          0
regs[        25] =          0
regs[        26] =          0
regs[        27] =          0
regs[        28] =          0
regs[        29] =          0
regs[        30] =          0
regs[        31] =          0
regs[         0] =          0
regs[         1] =          0
regs[         2] =          0
regs[         3] =          0
regs[         4] =          0
regs[         5] =          0
regs[         6] =          0
regs[         7] =          0
regs[         8] =          0
regs[         9] =          0
regs[        10] =          0
regs[        11] =          0
regs[        12] =          0
regs[        13] =          0
regs[        14] =          0
regs[        15] =          0
regs[        16] =          0
regs[        17] =          0
regs[        18] =          0
regs[        19] =          0
regs[        20] =          0
regs[        21] =          0
regs[        22] =          0
regs[        23] =          0
regs[        24] =          0
regs[        25] =          0
regs[        26] =          0
regs[        27] =          0
regs[        28] =          0
regs[        29] =          0
regs[        30] =          0
regs[        31] =          0
regs[         0] =          0
regs[         1] =          0
regs[         2] =          0
regs[         3] =          0
regs[         4] =          0
regs[         5] =          0
regs[         6] =          0
regs[         7] =          0
regs[         8] =          0
regs[         9] =          0
regs[        10] =          0
regs[        11] =          0
regs[        12] =          0
regs[        13] =          0
regs[        14] =          0
regs[        15] =          0
regs[        16] =          0
regs[        17] =          0
regs[        18] =          0
regs[        19] =          0
regs[        20] =          0
regs[        21] =          0
regs[        22] =          0
regs[        23] =          0
regs[        24] =          0
regs[        25] =          0
regs[        26] =          0
regs[        27] =          0
regs[        28] =          0
regs[        29] =          0
regs[        30] =          0
regs[        31] =          0
regs[         0] =          0
regs[         1] =          0
regs[         2] =          0
regs[         3] =          0
regs[         4] =          0
regs[         5] =          0
regs[         6] =          0
regs[         7] =          0
regs[         8] =          0
regs[         9] =          0
regs[        10] =          0
regs[        11] =          0
regs[        12] =          0
regs[        13] =          0
regs[        14] =          0
regs[        15] =          0
regs[        16] =          0
regs[        17] =          0
regs[        18] =          0
regs[        19] =          0
regs[        20] =          0
regs[        21] =          0
regs[        22] =          0
regs[        23] =          0
regs[        24] =          0
regs[        25] =          0
regs[        26] =          0
regs[        27] =          0
regs[        28] =          0
regs[        29] =          0
regs[        30] =          0
regs[        31] =          0
regs[         0] =          0
regs[         1] =          0
regs[         2] =          0
regs[         3] =          0
regs[         4] =          0
regs[         5] =          0
regs[         6] =          0
regs[         7] =          0
regs[         8] =          0
regs[         9] =          0
regs[        10] =          0
regs[        11] =          0
regs[        12] =          0
regs[        13] =          0
regs[        14] =          0
regs[        15] =          0
regs[        16] =          0
regs[        17] =          0
regs[        18] =          0
regs[        19] =          0
regs[        20] =          0
regs[        21] =          0
regs[        22] =          0
regs[        23] =          0
regs[        24] =          0
regs[        25] =          0
regs[        26] =          0
regs[        27] =          0
regs[        28] =          0
regs[        29] =          0
regs[        30] =          0
regs[        31] =          0
regs[         0] =          0
regs[         1] =          0
regs[         2] =          0
regs[         3] =          0
regs[         4] =          0
regs[         5] =          0
regs[         6] =          0
regs[         7] =          0
regs[         8] =          0
regs[         9] =          0
regs[        10] =          0
regs[        11] =          0
regs[        12] =          0
regs[        13] =          0
regs[        14] =          0
regs[        15] =          0
regs[        16] =          0
regs[        17] =          0
regs[        18] =          0
regs[        19] =          0
regs[        20] =          0
regs[        21] =          0
regs[        22] =          0
regs[        23] =          0
regs[        24] =          0
regs[        25] =          0
regs[        26] =          0
regs[        27] =          0
regs[        28] =          0
regs[        29] =          0
regs[        30] =          0
regs[        31] =          0
regs[         0] =          0
regs[         1] =          0
regs[         2] =          0
regs[         3] =          0
regs[         4] =          0
regs[         5] =          0
regs[         6] =          0
regs[         7] =          0
regs[         8] =          0
regs[         9] =          0
regs[        10] =          0
regs[        11] =          0
regs[        12] =          0
regs[        13] =          0
regs[        14] =          0
regs[        15] =          0
regs[        16] =          0
regs[        17] =          0
regs[        18] =          0
regs[        19] =          0
regs[        20] =          0
regs[        21] =          0
regs[        22] =          0
regs[        23] =          0
regs[        24] =          0
regs[        25] =          0
regs[        26] =          0
regs[        27] =          0
regs[        28] =          0
regs[        29] =          0
regs[        30] =          0
regs[        31] =          0
regs[         0] =          0
regs[         1] =          0
regs[         2] =          0
regs[         3] =          0
regs[         4] =          0
regs[         5] =          0
regs[         6] =          0
regs[         7] =          0
regs[         8] =          0
regs[         9] =          0
regs[        10] =          0
regs[        11] =          0
regs[        12] =          0
regs[        13] =          0
regs[        14] =          0
regs[        15] =          0
regs[        16] =          0
regs[        17] =          0
regs[        18] =          0
regs[        19] =          0
regs[        20] =          0
regs[        21] =          0
regs[        22] =          0
regs[        23] =          0
regs[        24] =          0
regs[        25] =          0
regs[        26] =          0
regs[        27] =          0
regs[        28] =          0
regs[        29] =          0
regs[        30] =          0
regs[        31] =          0
regs[         0] =          0
regs[         1] =          0
regs[         2] =          0
regs[         3] =          0
regs[         4] =          0
regs[         5] =          0
regs[         6] =          0
regs[         7] =          0
regs[         8] =          0
regs[         9] =          0
regs[        10] =          0
regs[        11] =          0
regs[        12] =          0
regs[        13] =          0
regs[        14] =          0
regs[        15] =          0
regs[        16] =          0
regs[        17] =          0
regs[        18] =          0
regs[        19] =          0
regs[        20] =          0
regs[        21] =          0
regs[        22] =          0
regs[        23] =          0
regs[        24] =          0
regs[        25] =          0
regs[        26] =          0
regs[        27] =          0
regs[        28] =          0
regs[        29] =          0
regs[        30] =          0
regs[        31] =          0
regs[         0] =          0
regs[         1] =          0
regs[         2] =          0
regs[         3] =          0
regs[         4] =          0
regs[         5] =          0
regs[         6] =          0
regs[         7] =          0
regs[         8] =          0
regs[         9] =          0
regs[        10] =          0
regs[        11] =          0
regs[        12] =          0
regs[        13] =          0
regs[        14] =          0
regs[        15] =          0
regs[        16] =          0
regs[        17] =          0
regs[        18] =          0
regs[        19] =          0
regs[        20] =          0
regs[        21] =          0
regs[        22] =          0
regs[        23] =          0
regs[        24] =          0
regs[        25] =          0
regs[        26] =          0
regs[        27] =          0
regs[        28] =          0
regs[        29] =          0
regs[        30] =          0
regs[        31] =          0
regs[         0] =          0
regs[         1] =          0
regs[         2] =          0
regs[         3] =          0
regs[         4] =          0
regs[         5] =          0
regs[         6] =          0
regs[         7] =          0
regs[         8] =          0
regs[         9] =          0
regs[        10] =          0
regs[        11] =          0
regs[        12] =          0
regs[        13] =          0
regs[        14] =          0
regs[        15] =          0
regs[        16] =          0
regs[        17] =          0
regs[        18] =          0
regs[        19] =          0
regs[        20] =          0
regs[        21] =          0
regs[        22] =          0
regs[        23] =          0
regs[        24] =          0
regs[        25] =          0
regs[        26] =          0
regs[        27] =          0
regs[        28] =          0
regs[        29] =          0
regs[        30] =          0
regs[        31] =          0
regs[         0] =          0
regs[         1] =          0
regs[         2] =          0
regs[         3] =          0
regs[         4] =          0
regs[         5] =          0
regs[         6] =          0
regs[         7] =          0
regs[         8] =          0
regs[         9] =          0
regs[        10] =          0
regs[        11] =          0
regs[        12] =          0
regs[        13] =          0
regs[        14] =          0
regs[        15] =          0
regs[        16] =          0
regs[        17] =          0
regs[        18] =          0
regs[        19] =          0
regs[        20] =          0
regs[        21] =          0
regs[        22] =          0
regs[        23] =          0
regs[        24] =          0
regs[        25] =          0
regs[        26] =          0
regs[        27] =          0
regs[        28] =          0
regs[        29] =          0
regs[        30] =          0
regs[        31] =          0
regs[         0] =          0
regs[         1] =          0
regs[         2] =          0
regs[         3] =          0
regs[         4] =          0
regs[         5] =          0
regs[         6] =          0
regs[         7] =          0
regs[         8] =          0
regs[         9] =          0
regs[        10] =          0
regs[        11] =          0
regs[        12] =          0
regs[        13] =          0
regs[        14] =          0
regs[        15] =          0
regs[        16] =          0
regs[        17] =          0
regs[        18] =          0
regs[        19] =          0
regs[        20] =          0
regs[        21] =          0
regs[        22] =          0
regs[        23] =          0
regs[        24] =          0
regs[        25] =          0
regs[        26] =          0
regs[        27] =          0
regs[        28] =          0
regs[        29] =          0
regs[        30] =          0
regs[        31] =          0
regs[         0] =          0
regs[         1] =          0
regs[         2] =          0
regs[         3] =          0
regs[         4] =          0
regs[         5] =          0
regs[         6] =          0
regs[         7] =          0
regs[         8] =          0
regs[         9] =          0
regs[        10] =          0
regs[        11] =          0
regs[        12] =          0
regs[        13] =          0
regs[        14] =          0
regs[        15] =          0
regs[        16] =          0
regs[        17] =          0
regs[        18] =          0
regs[        19] =          0
regs[        20] =          0
regs[        21] =          0
regs[        22] =          0
regs[        23] =          0
regs[        24] =          0
regs[        25] =          0
regs[        26] =          0
regs[        27] =          0
regs[        28] =          0
regs[        29] =          0
regs[        30] =          0
regs[        31] =          0
regs[         0] =          0
regs[         1] =          0
regs[         2] =          0
regs[         3] =          0
regs[         4] =          0
regs[         5] =          0
regs[         6] =          0
regs[         7] =          0
regs[         8] =          0
regs[         9] =          0
regs[        10] =          0
regs[        11] =          0
regs[        12] =          0
regs[        13] =          0
regs[        14] =          0
regs[        15] =          0
regs[        16] =          0
regs[        17] =          0
regs[        18] =          0
regs[        19] =          0
regs[        20] =          0
regs[        21] =          0
regs[        22] =          0
regs[        23] =          0
regs[        24] =          0
regs[        25] =          0
regs[        26] =          0
regs[        27] =          0
regs[        28] =          0
regs[        29] =          0
regs[        30] =          0
regs[        31] =          0
regs[         0] =          0
regs[         1] =         16
regs[         2] =          0
regs[         3] =          0
regs[         4] =          0
regs[         5] =          0
regs[         6] =          0
regs[         7] =          0
regs[         8] =          0
regs[         9] =          0
regs[        10] =          0
regs[        11] =          0
regs[        12] =          0
regs[        13] =          0
regs[        14] =          0
regs[        15] =          0
regs[        16] =          0
regs[        17] =          0
regs[        18] =          0
regs[        19] =          0
regs[        20] =          0
regs[        21] =          0
regs[        22] =          0
regs[        23] =          0
regs[        24] =          0
regs[        25] =          0
regs[        26] =          0
regs[        27] =          0
regs[        28] =          0
regs[        29] =          0
regs[        30] =          0
regs[        31] =          0
regs[         0] =          0
regs[         1] =         16
regs[         2] =          0
regs[         3] =         24
regs[         4] =          0
regs[         5] =          0
regs[         6] =          0
regs[         7] =          0
regs[         8] =          0
regs[         9] =          0
regs[        10] =          0
regs[        11] =          0
regs[        12] =          0
regs[        13] =          0
regs[        14] =          0
regs[        15] =          0
regs[        16] =          0
regs[        17] =          0
regs[        18] =          0
regs[        19] =          0
regs[        20] =          0
regs[        21] =          0
regs[        22] =          0
regs[        23] =          0
regs[        24] =          0
regs[        25] =          0
regs[        26] =          0
regs[        27] =          0
regs[        28] =          0
regs[        29] =          0
regs[        30] =          0
regs[        31] =          0
regs[         0] =          0
regs[         1] =         16
regs[         2] =          0
regs[         3] =         24
regs[         4] =          0
regs[         5] =          0
regs[         6] =          0
regs[         7] =          0
regs[         8] =          0
regs[         9] =          0
regs[        10] =          0
regs[        11] =          0
regs[        12] =          0
regs[        13] =          0
regs[        14] =          0
regs[        15] =          0
regs[        16] =          0
regs[        17] =          0
regs[        18] =          0
regs[        19] =          0
regs[        20] =          0
regs[        21] =          0
regs[        22] =          0
regs[        23] =          0
regs[        24] =          0
regs[        25] =          0
regs[        26] =          0
regs[        27] =          0
regs[        28] =          0
regs[        29] =          0
regs[        30] =          0
regs[        31] =          0
regs[         0] =          0
regs[         1] =         36
regs[         2] =          0
regs[         3] =         24
regs[         4] =          0
regs[         5] =          0
regs[         6] =          0
regs[         7] =          0
regs[         8] =          0
regs[         9] =          0
regs[        10] =          0
regs[        11] =          0
regs[        12] =          0
regs[        13] =          0
regs[        14] =          0
regs[        15] =          0
regs[        16] =          0
regs[        17] =          0
regs[        18] =          0
regs[        19] =          0
regs[        20] =          0
regs[        21] =          0
regs[        22] =          0
regs[        23] =          0
regs[        24] =          0
regs[        25] =          0
regs[        26] =          0
regs[        27] =          0
regs[        28] =          0
regs[        29] =          0
regs[        30] =          0
regs[        31] =          0
regs[         0] =          0
regs[         1] =         36
regs[         2] =         44
regs[         3] =         24
regs[         4] =          0
regs[         5] =          0
regs[         6] =          0
regs[         7] =          0
regs[         8] =          0
regs[         9] =          0
regs[        10] =          0
regs[        11] =          0
regs[        12] =          0
regs[        13] =          0
regs[        14] =          0
regs[        15] =          0
regs[        16] =          0
regs[        17] =          0
regs[        18] =          0
regs[        19] =          0
regs[        20] =          0
regs[        21] =          0
regs[        22] =          0
regs[        23] =          0
regs[        24] =          0
regs[        25] =          0
regs[        26] =          0
regs[        27] =          0
regs[        28] =          0
regs[        29] =          0
regs[        30] =          0
regs[        31] =          0
regs[         0] =          0
regs[         1] =         36
regs[         2] =         44
regs[         3] =         24
regs[         4] =          0
regs[         5] =          0
regs[         6] =          0
regs[         7] =          0
regs[         8] =          0
regs[         9] =          0
regs[        10] =          0
regs[        11] =          0
regs[        12] =          0
regs[        13] =          0
regs[        14] =          0
regs[        15] =          0
regs[        16] =          0
regs[        17] =          0
regs[        18] =          0
regs[        19] =          0
regs[        20] =          0
regs[        21] =          0
regs[        22] =          0
regs[        23] =          0
regs[        24] =          0
regs[        25] =          0
regs[        26] =          0
regs[        27] =          0
regs[        28] =          0
regs[        29] =          0
regs[        30] =          0
regs[        31] =          0
regs[         0] =          0
regs[         1] =         28
regs[         2] =         44
regs[         3] =         24
regs[         4] =          0
regs[         5] =          0
regs[         6] =          0
regs[         7] =          0
regs[         8] =          0
regs[         9] =          0
regs[        10] =          0
regs[        11] =          0
regs[        12] =          0
regs[        13] =          0
regs[        14] =          0
regs[        15] =          0
regs[        16] =          0
regs[        17] =          0
regs[        18] =          0
regs[        19] =          0
regs[        20] =          0
regs[        21] =          0
regs[        22] =          0
regs[        23] =          0
regs[        24] =          0
regs[        25] =          0
regs[        26] =          0
regs[        27] =          0
regs[        28] =          0
regs[        29] =          0
regs[        30] =          0
regs[        31] =          0
regs[         0] =          0
regs[         1] =         28
regs[         2] =         44
regs[         3] =         24
regs[         4] =          0
regs[         5] =          0
regs[         6] =          0
regs[         7] =          0
regs[         8] =          0
regs[         9] =          0
regs[        10] =          0
regs[        11] =          0
regs[        12] =          0
regs[        13] =          0
regs[        14] =          0
regs[        15] =          0
regs[        16] =          0
regs[        17] =          0
regs[        18] =          0
regs[        19] =          0
regs[        20] =          0
regs[        21] =          0
regs[        22] =          0
regs[        23] =          0
regs[        24] =          0
regs[        25] =          0
regs[        26] =          0
regs[        27] =          0
regs[        28] =          0
regs[        29] =          0
regs[        30] =          0
regs[        31] =          0
regs[         0] =          0
regs[         1] =         28
regs[         2] =         44
regs[         3] =         24
regs[         4] =          0
regs[         5] =          0
regs[         6] =          0
regs[         7] =          0
regs[         8] =          0
regs[         9] =          0
regs[        10] =          0
regs[        11] =          0
regs[        12] =          0
regs[        13] =          0
regs[        14] =          0
regs[        15] =          0
regs[        16] =          0
regs[        17] =          0
regs[        18] =          0
regs[        19] =          0
regs[        20] =          0
regs[        21] =          0
regs[        22] =          0
regs[        23] =          0
regs[        24] =          0
regs[        25] =          0
regs[        26] =          0
regs[        27] =          0
regs[        28] =          0
regs[        29] =          0
regs[        30] =          0
regs[        31] =          0
regs[         0] =          0
regs[         1] =         56
regs[         2] =         44
regs[         3] =         24
regs[         4] =          0
regs[         5] =          0
regs[         6] =          0
regs[         7] =          0
regs[         8] =          0
regs[         9] =          0
regs[        10] =          0
regs[        11] =          0
regs[        12] =          0
regs[        13] =          0
regs[        14] =          0
regs[        15] =          0
regs[        16] =          0
regs[        17] =          0
regs[        18] =          0
regs[        19] =          0
regs[        20] =          0
regs[        21] =          0
regs[        22] =          0
regs[        23] =          0
regs[        24] =          0
regs[        25] =          0
regs[        26] =          0
regs[        27] =          0
regs[        28] =          0
regs[        29] =          0
regs[        30] =          0
regs[        31] =          0
regs[         0] =          0
regs[         1] =         56
regs[         2] =         44
regs[         3] =         24
regs[         4] =          0
regs[         5] =          0
regs[         6] =          0
regs[         7] =          0
regs[         8] =          0
regs[         9] =          0
regs[        10] =          0
regs[        11] =          0
regs[        12] =          0
regs[        13] =          0
regs[        14] =          0
regs[        15] =          0
regs[        16] =          0
regs[        17] =          0
regs[        18] =          0
regs[        19] =          0
regs[        20] =          0
regs[        21] =          0
regs[        22] =          0
regs[        23] =          0
regs[        24] =          0
regs[        25] =          0
regs[        26] =          0
regs[        27] =          0
regs[        28] =          0
regs[        29] =          0
regs[        30] =          0
regs[        31] =          0
regs[         0] =          0
regs[         1] =         56
regs[         2] =         44
regs[         3] =         24
regs[         4] =          0
regs[         5] =          0
regs[         6] =          0
regs[         7] =          0
regs[         8] =          0
regs[         9] =          0
regs[        10] =          0
regs[        11] =          0
regs[        12] =          0
regs[        13] =          0
regs[        14] =          0
regs[        15] =          0
regs[        16] =          0
regs[        17] =          0
regs[        18] =          0
regs[        19] =          0
regs[        20] =          0
regs[        21] =          0
regs[        22] =          0
regs[        23] =          0
regs[        24] =          0
regs[        25] =          0
regs[        26] =          0
regs[        27] =          0
regs[        28] =          0
regs[        29] =          0
regs[        30] =          0
regs[        31] =          0
regs[         0] =          0
regs[         1] =         44
regs[         2] =         44
regs[         3] =         24
regs[         4] =          0
regs[         5] =          0
regs[         6] =          0
regs[         7] =          0
regs[         8] =          0
regs[         9] =          0
regs[        10] =          0
regs[        11] =          0
regs[        12] =          0
regs[        13] =          0
regs[        14] =          0
regs[        15] =          0
regs[        16] =          0
regs[        17] =          0
regs[        18] =          0
regs[        19] =          0
regs[        20] =          0
regs[        21] =          0
regs[        22] =          0
regs[        23] =          0
regs[        24] =          0
regs[        25] =          0
regs[        26] =          0
regs[        27] =          0
regs[        28] =          0
regs[        29] =          0
regs[        30] =          0
regs[        31] =          0
regs[         0] =          0
regs[         1] =         48
regs[         2] =         44
regs[         3] =         24
regs[         4] =          0
regs[         5] =          0
regs[         6] =          0
regs[         7] =          0
regs[         8] =          0
regs[         9] =          0
regs[        10] =          0
regs[        11] =          0
regs[        12] =          0
regs[        13] =          0
regs[        14] =          0
regs[        15] =          0
regs[        16] =          0
regs[        17] =          0
regs[        18] =          0
regs[        19] =          0
regs[        20] =          0
regs[        21] =          0
regs[        22] =          0
regs[        23] =          0
regs[        24] =          0
regs[        25] =          0
regs[        26] =          0
regs[        27] =          0
regs[        28] =          0
regs[        29] =          0
regs[        30] =          0
regs[        31] =          0
regs[         0] =          0
regs[         1] =         48
regs[         2] =         44
regs[         3] =         24
regs[         4] =          0
regs[         5] =          0
regs[         6] =          0
regs[         7] =          0
regs[         8] =          0
regs[         9] =          0
regs[        10] =          0
regs[        11] =          0
regs[        12] =          0
regs[        13] =          0
regs[        14] =          0
regs[        15] =          0
regs[        16] =          0
regs[        17] =          0
regs[        18] =          0
regs[        19] =          0
regs[        20] =          0
regs[        21] =          0
regs[        22] =          0
regs[        23] =          0
regs[        24] =          0
regs[        25] =          0
regs[        26] =          0
regs[        27] =          0
regs[        28] =          0
regs[        29] =          0
regs[        30] =          0
regs[        31] =          0
regs[         0] =          0
regs[         1] =         48
regs[         2] =         44
regs[         3] =         24
regs[         4] =          0
regs[         5] =          0
regs[         6] =          0
regs[         7] =          0
regs[         8] =          0
regs[         9] =          0
regs[        10] =          0
regs[        11] =          0
regs[        12] =          0
regs[        13] =          0
regs[        14] =          0
regs[        15] =          0
regs[        16] =          0
regs[        17] =          0
regs[        18] =          0
regs[        19] =          0
regs[        20] =          0
regs[        21] =          0
regs[        22] =          0
regs[        23] =          0
regs[        24] =          0
regs[        25] =          0
regs[        26] =          0
regs[        27] =          0
regs[        28] =          0
regs[        29] =          0
regs[        30] =          0
regs[        31] =          0
regs[         0] =          0
regs[         1] =         72
regs[         2] =         44
regs[         3] =         24
regs[         4] =          0
regs[         5] =          0
regs[         6] =          0
regs[         7] =          0
regs[         8] =          0
regs[         9] =          0
regs[        10] =          0
regs[        11] =          0
regs[        12] =          0
regs[        13] =          0
regs[        14] =          0
regs[        15] =          0
regs[        16] =          0
regs[        17] =          0
regs[        18] =          0
regs[        19] =          0
regs[        20] =          0
regs[        21] =          0
regs[        22] =          0
regs[        23] =          0
regs[        24] =          0
regs[        25] =          0
regs[        26] =          0
regs[        27] =          0
regs[        28] =          0
regs[        29] =          0
regs[        30] =          0
regs[        31] =          0
regs[         0] =          0
regs[         1] =          0
regs[         2] =         44
regs[         3] =         24
regs[         4] =          0
regs[         5] =          0
regs[         6] =          0
regs[         7] =          0
regs[         8] =          0
regs[         9] =          0
regs[        10] =          0
regs[        11] =          0
regs[        12] =          0
regs[        13] =          0
regs[        14] =          0
regs[        15] =          0
regs[        16] =          0
regs[        17] =          0
regs[        18] =          0
regs[        19] =          0
regs[        20] =          0
regs[        21] =          0
regs[        22] =          0
regs[        23] =          0
regs[        24] =          0
regs[        25] =          0
regs[        26] =          0
regs[        27] =          0
regs[        28] =          0
regs[        29] =          0
regs[        30] =          0
regs[        31] =          0
regs[         0] =          0
regs[         1] =          1
regs[         2] =         44
regs[         3] =         24
regs[         4] =          0
regs[         5] =          0
regs[         6] =          0
regs[         7] =          0
regs[         8] =          0
regs[         9] =          0
regs[        10] =          0
regs[        11] =          0
regs[        12] =          0
regs[        13] =          0
regs[        14] =          0
regs[        15] =          0
regs[        16] =          0
regs[        17] =          0
regs[        18] =          0
regs[        19] =          0
regs[        20] =          0
regs[        21] =          0
regs[        22] =          0
regs[        23] =          0
regs[        24] =          0
regs[        25] =          0
regs[        26] =          0
regs[        27] =          0
regs[        28] =          0
regs[        29] =          0
regs[        30] =          0
regs[        31] =          0
regs[         0] =          0
regs[         1] =          1
regs[         2] =         44
regs[         3] =         24
regs[         4] =          0
regs[         5] =          0
regs[         6] =          0
regs[         7] =          0
regs[         8] =          0
regs[         9] =          0
regs[        10] =          0
regs[        11] =          0
regs[        12] =          0
regs[        13] =          0
regs[        14] =          0
regs[        15] =          0
regs[        16] =          0
regs[        17] =          0
regs[        18] =          0
regs[        19] =          0
regs[        20] =          0
regs[        21] =          0
regs[        22] =          0
regs[        23] =          0
regs[        24] =          0
regs[        25] =          0
regs[        26] =          0
regs[        27] =          0
regs[        28] =          0
regs[        29] =          0
regs[        30] =          0
regs[        31] =          0
regs[         0] =          0
regs[         1] =          1
regs[         2] =         44
regs[         3] =         24
regs[         4] =          0
regs[         5] =          0
regs[         6] =          0
regs[         7] =          0
regs[         8] =          0
regs[         9] =          0
regs[        10] =          0
regs[        11] =          0
regs[        12] =          0
regs[        13] =          0
regs[        14] =          0
regs[        15] =          0
regs[        16] =          0
regs[        17] =          0
regs[        18] =          0
regs[        19] =          0
regs[        20] =          0
regs[        21] =          0
regs[        22] =          0
regs[        23] =          0
regs[        24] =          0
regs[        25] =          0
regs[        26] =          0
regs[        27] =          0
regs[        28] =          0
regs[        29] =          0
regs[        30] =          0
regs[        31] =          0
regs[         0] =          0
regs[         1] =          2
regs[         2] =         44
regs[         3] =         24
regs[         4] =          0
regs[         5] =          0
regs[         6] =          0
regs[         7] =          0
regs[         8] =          0
regs[         9] =          0
regs[        10] =          0
regs[        11] =          0
regs[        12] =          0
regs[        13] =          0
regs[        14] =          0
regs[        15] =          0
regs[        16] =          0
regs[        17] =          0
regs[        18] =          0
regs[        19] =          0
regs[        20] =          0
regs[        21] =          0
regs[        22] =          0
regs[        23] =          0
regs[        24] =          0
regs[        25] =          0
regs[        26] =          0
regs[        27] =          0
regs[        28] =          0
regs[        29] =          0
regs[        30] =          0
regs[        31] =          0
regs[         0] =          0
regs[         1] =          2
regs[         2] =         44
regs[         3] =         24
regs[         4] =          0
regs[         5] =          0
regs[         6] =          0
regs[         7] =          0
regs[         8] =          0
regs[         9] =          0
regs[        10] =          0
regs[        11] =          0
regs[        12] =          0
regs[        13] =          0
regs[        14] =          0
regs[        15] =          0
regs[        16] =          0
regs[        17] =          0
regs[        18] =          0
regs[        19] =          0
regs[        20] =          0
regs[        21] =          0
regs[        22] =          0
regs[        23] =          0
regs[        24] =          0
regs[        25] =          0
regs[        26] =          0
regs[        27] =          0
regs[        28] =          0
regs[        29] =          0
regs[        30] =          0
regs[        31] =          0
regs[         0] =          0
regs[         1] =          2
regs[         2] =         44
regs[         3] =         24
regs[         4] =          0
regs[         5] =          0
regs[         6] =          0
regs[         7] =          0
regs[         8] =          0
regs[         9] =          0
regs[        10] =          0
regs[        11] =          0
regs[        12] =          0
regs[        13] =          0
regs[        14] =          0
regs[        15] =          0
regs[        16] =          0
regs[        17] =          0
regs[        18] =          0
regs[        19] =          0
regs[        20] =          0
regs[        21] =          0
regs[        22] =          0
regs[        23] =          0
regs[        24] =          0
regs[        25] =          0
regs[        26] =          0
regs[        27] =          0
regs[        28] =          0
regs[        29] =          0
regs[        30] =          0
regs[        31] =          0
regs[         0] =          0
regs[         1] =          3
regs[         2] =         44
regs[         3] =         24
regs[         4] =          0
regs[         5] =          0
regs[         6] =          0
regs[         7] =          0
regs[         8] =          0
regs[         9] =          0
regs[        10] =          0
regs[        11] =          0
regs[        12] =          0
regs[        13] =          0
regs[        14] =          0
regs[        15] =          0
regs[        16] =          0
regs[        17] =          0
regs[        18] =          0
regs[        19] =          0
regs[        20] =          0
regs[        21] =          0
regs[        22] =          0
regs[        23] =          0
regs[        24] =          0
regs[        25] =          0
regs[        26] =          0
regs[        27] =          0
regs[        28] =          0
regs[        29] =          0
regs[        30] =          0
regs[        31] =          0
regs[         0] =          0
regs[         1] =          3
regs[         2] =         44
regs[         3] =         24
regs[         4] =          0
regs[         5] =          0
regs[         6] =          0
regs[         7] =          0
regs[         8] =          0
regs[         9] =          0
regs[        10] =          0
regs[        11] =          0
regs[        12] =          0
regs[        13] =          0
regs[        14] =          0
regs[        15] =          0
regs[        16] =          0
regs[        17] =          0
regs[        18] =          0
regs[        19] =          0
regs[        20] =          0
regs[        21] =          0
regs[        22] =          0
regs[        23] =          0
regs[        24] =          0
regs[        25] =          0
regs[        26] =          0
regs[        27] =          0
regs[        28] =          0
regs[        29] =          0
regs[        30] =          0
regs[        31] =          0
regs[         0] =          0
regs[         1] =          3
regs[         2] =         44
regs[         3] =         24
regs[         4] =          0
regs[         5] =          0
regs[         6] =          0
regs[         7] =          0
regs[         8] =          0
regs[         9] =          0
regs[        10] =          0
regs[        11] =          0
regs[        12] =          0
regs[        13] =          0
regs[        14] =          0
regs[        15] =          0
regs[        16] =          0
regs[        17] =          0
regs[        18] =          0
regs[        19] =          0
regs[        20] =          0
regs[        21] =          0
regs[        22] =          0
regs[        23] =          0
regs[        24] =          0
regs[        25] =          0
regs[        26] =          0
regs[        27] =          0
regs[        28] =          0
regs[        29] =          0
regs[        30] =          0
regs[        31] =          0
regs[         0] =          0
regs[         1] =          4
regs[         2] =         44
regs[         3] =         24
regs[         4] =          0
regs[         5] =          0
regs[         6] =          0
regs[         7] =          0
regs[         8] =          0
regs[         9] =          0
regs[        10] =          0
regs[        11] =          0
regs[        12] =          0
regs[        13] =          0
regs[        14] =          0
regs[        15] =          0
regs[        16] =          0
regs[        17] =          0
regs[        18] =          0
regs[        19] =          0
regs[        20] =          0
regs[        21] =          0
regs[        22] =          0
regs[        23] =          0
regs[        24] =          0
regs[        25] =          0
regs[        26] =          0
regs[        27] =          0
regs[        28] =          0
regs[        29] =          0
regs[        30] =          0
regs[        31] =          0
regs[         0] =          0
regs[         1] =          4
regs[         2] =         44
regs[         3] =         24
regs[         4] =          0
regs[         5] =          0
regs[         6] =          0
regs[         7] =          0
regs[         8] =          0
regs[         9] =          0
regs[        10] =          0
regs[        11] =          0
regs[        12] =          0
regs[        13] =          0
regs[        14] =          0
regs[        15] =          0
regs[        16] =          0
regs[        17] =          0
regs[        18] =          0
regs[        19] =          0
regs[        20] =          0
regs[        21] =          0
regs[        22] =          0
regs[        23] =          0
regs[        24] =          0
regs[        25] =          0
regs[        26] =          0
regs[        27] =          0
regs[        28] =          0
regs[        29] =          0
regs[        30] =          0
regs[        31] =          0
regs[         0] =          0
regs[         1] =          4
regs[         2] =         44
regs[         3] =         24
regs[         4] =          0
regs[         5] =          0
regs[         6] =          0
regs[         7] =          0
regs[         8] =          0
regs[         9] =          0
regs[        10] =          0
regs[        11] =          0
regs[        12] =          0
regs[        13] =          0
regs[        14] =          0
regs[        15] =          0
regs[        16] =          0
regs[        17] =          0
regs[        18] =          0
regs[        19] =          0
regs[        20] =          0
regs[        21] =          0
regs[        22] =          0
regs[        23] =          0
regs[        24] =          0
regs[        25] =          0
regs[        26] =          0
regs[        27] =          0
regs[        28] =          0
regs[        29] =          0
regs[        30] =          0
regs[        31] =          0
regs[         0] =          0
regs[         1] =          5
regs[         2] =         44
regs[         3] =         24
regs[         4] =          0
regs[         5] =          0
regs[         6] =          0
regs[         7] =          0
regs[         8] =          0
regs[         9] =          0
regs[        10] =          0
regs[        11] =          0
regs[        12] =          0
regs[        13] =          0
regs[        14] =          0
regs[        15] =          0
regs[        16] =          0
regs[        17] =          0
regs[        18] =          0
regs[        19] =          0
regs[        20] =          0
regs[        21] =          0
regs[        22] =          0
regs[        23] =          0
regs[        24] =          0
regs[        25] =          0
regs[        26] =          0
regs[        27] =          0
regs[        28] =          0
regs[        29] =          0
regs[        30] =          0
regs[        31] =          0
regs[         0] =          0
regs[         1] =          5
regs[         2] =         44
regs[         3] =         24
regs[         4] =          0
regs[         5] =          0
regs[         6] =          0
regs[         7] =          0
regs[         8] =          0
regs[         9] =          0
regs[        10] =          0
regs[        11] =          0
regs[        12] =          0
regs[        13] =          0
regs[        14] =          0
regs[        15] =          0
regs[        16] =          0
regs[        17] =          0
regs[        18] =          0
regs[        19] =          0
regs[        20] =          0
regs[        21] =          0
regs[        22] =          0
regs[        23] =          0
regs[        24] =          0
regs[        25] =          0
regs[        26] =          0
regs[        27] =          0
regs[        28] =          0
regs[        29] =          0
regs[        30] =          0
regs[        31] =          0
regs[         0] =          0
regs[         1] =          5
regs[         2] =         44
regs[         3] =         24
regs[         4] =          0
regs[         5] =          0
regs[         6] =          0
regs[         7] =          0
regs[         8] =          0
regs[         9] =          0
regs[        10] =          0
regs[        11] =          0
regs[        12] =          0
regs[        13] =          0
regs[        14] =          0
regs[        15] =          0
regs[        16] =          0
regs[        17] =          0
regs[        18] =          0
regs[        19] =          0
regs[        20] =          0
regs[        21] =          0
regs[        22] =          0
regs[        23] =          0
regs[        24] =          0
regs[        25] =          0
regs[        26] =          0
regs[        27] =          0
regs[        28] =          0
regs[        29] =          0
regs[        30] =          0
regs[        31] =          0
regs[         0] =          0
regs[         1] =          6
regs[         2] =         44
regs[         3] =         24
regs[         4] =          0
regs[         5] =          0
regs[         6] =          0
regs[         7] =          0
regs[         8] =          0
regs[         9] =          0
regs[        10] =          0
regs[        11] =          0
regs[        12] =          0
regs[        13] =          0
regs[        14] =          0
regs[        15] =          0
regs[        16] =          0
regs[        17] =          0
regs[        18] =          0
regs[        19] =          0
regs[        20] =          0
regs[        21] =          0
regs[        22] =          0
regs[        23] =          0
regs[        24] =          0
regs[        25] =          0
regs[        26] =          0
regs[        27] =          0
regs[        28] =          0
regs[        29] =          0
regs[        30] =          0
regs[        31] =          0
regs[         0] =          0
regs[         1] =          6
regs[         2] =         44
regs[         3] =         24
regs[         4] =          0
regs[         5] =          0
regs[         6] =          0
regs[         7] =          0
regs[         8] =          0
regs[         9] =          0
regs[        10] =          0
regs[        11] =          0
regs[        12] =          0
regs[        13] =          0
regs[        14] =          0
regs[        15] =          0
regs[        16] =          0
regs[        17] =          0
regs[        18] =          0
regs[        19] =          0
regs[        20] =          0
regs[        21] =          0
regs[        22] =          0
regs[        23] =          0
regs[        24] =          0
regs[        25] =          0
regs[        26] =          0
regs[        27] =          0
regs[        28] =          0
regs[        29] =          0
regs[        30] =          0
regs[        31] =          0
regs[         0] =          0
regs[         1] =          6
regs[         2] =         44
regs[         3] =         24
regs[         4] =          0
regs[         5] =          0
regs[         6] =          0
regs[         7] =          0
regs[         8] =          0
regs[         9] =          0
regs[        10] =          0
regs[        11] =          0
regs[        12] =          0
regs[        13] =          0
regs[        14] =          0
regs[        15] =          0
regs[        16] =          0
regs[        17] =          0
regs[        18] =          0
regs[        19] =          0
regs[        20] =          0
regs[        21] =          0
regs[        22] =          0
regs[        23] =          0
regs[        24] =          0
regs[        25] =          0
regs[        26] =          0
regs[        27] =          0
regs[        28] =          0
regs[        29] =          0
regs[        30] =          0
regs[        31] =          0
regs[         0] =          0
regs[         1] =          7
regs[         2] =         44
regs[         3] =         24
regs[         4] =          0
regs[         5] =          0
regs[         6] =          0
regs[         7] =          0
regs[         8] =          0
regs[         9] =          0
regs[        10] =          0
regs[        11] =          0
regs[        12] =          0
regs[        13] =          0
regs[        14] =          0
regs[        15] =          0
regs[        16] =          0
regs[        17] =          0
regs[        18] =          0
regs[        19] =          0
regs[        20] =          0
regs[        21] =          0
regs[        22] =          0
regs[        23] =          0
regs[        24] =          0
regs[        25] =          0
regs[        26] =          0
regs[        27] =          0
regs[        28] =          0
regs[        29] =          0
regs[        30] =          0
regs[        31] =          0
regs[         0] =          0
regs[         1] =          7
regs[         2] =         44
regs[         3] =         24
regs[         4] =          0
regs[         5] =          0
regs[         6] =          0
regs[         7] =          0
regs[         8] =          0
regs[         9] =          0
regs[        10] =          0
regs[        11] =          0
regs[        12] =          0
regs[        13] =          0
regs[        14] =          0
regs[        15] =          0
regs[        16] =          0
regs[        17] =          0
regs[        18] =          0
regs[        19] =          0
regs[        20] =          0
regs[        21] =          0
regs[        22] =          0
regs[        23] =          0
regs[        24] =          0
regs[        25] =          0
regs[        26] =          0
regs[        27] =          0
regs[        28] =          0
regs[        29] =          0
regs[        30] =          0
regs[        31] =          0
regs[         0] =          0
regs[         1] =          7
regs[         2] =         44
regs[         3] =         24
regs[         4] =          0
regs[         5] =          0
regs[         6] =          0
regs[         7] =          0
regs[         8] =          0
regs[         9] =          0
regs[        10] =          0
regs[        11] =          0
regs[        12] =          0
regs[        13] =          0
regs[        14] =          0
regs[        15] =          0
regs[        16] =          0
regs[        17] =          0
regs[        18] =          0
regs[        19] =          0
regs[        20] =          0
regs[        21] =          0
regs[        22] =          0
regs[        23] =          0
regs[        24] =          0
regs[        25] =          0
regs[        26] =          0
regs[        27] =          0
regs[        28] =          0
regs[        29] =          0
regs[        30] =          0
regs[        31] =          0
regs[         0] =          0
regs[         1] =          8
regs[         2] =         44
regs[         3] =         24
regs[         4] =          0
regs[         5] =          0
regs[         6] =          0
regs[         7] =          0
regs[         8] =          0
regs[         9] =          0
regs[        10] =          0
regs[        11] =          0
regs[        12] =          0
regs[        13] =          0
regs[        14] =          0
regs[        15] =          0
regs[        16] =          0
regs[        17] =          0
regs[        18] =          0
regs[        19] =          0
regs[        20] =          0
regs[        21] =          0
regs[        22] =          0
regs[        23] =          0
regs[        24] =          0
regs[        25] =          0
regs[        26] =          0
regs[        27] =          0
regs[        28] =          0
regs[        29] =          0
regs[        30] =          0
regs[        31] =          0
regs[         0] =          0
regs[         1] =          8
regs[         2] =         44
regs[         3] =         24
regs[         4] =          0
regs[         5] =          0
regs[         6] =          0
regs[         7] =          0
regs[         8] =          0
regs[         9] =          0
regs[        10] =          0
regs[        11] =          0
regs[        12] =          0
regs[        13] =          0
regs[        14] =          0
regs[        15] =          0
regs[        16] =          0
regs[        17] =          0
regs[        18] =          0
regs[        19] =          0
regs[        20] =          0
regs[        21] =          0
regs[        22] =          0
regs[        23] =          0
regs[        24] =          0
regs[        25] =          0
regs[        26] =          0
regs[        27] =          0
regs[        28] =          0
regs[        29] =          0
regs[        30] =          0
regs[        31] =          0
